57245	6285586432	Task-30	Objective-C	1	
57245	6302412800	Task-31	Swift	1	
57245	6336065536	Task-33	Pasical	1	
57245	6285586432	Task-30	Objective-C	2	为
57245	6285586432	Task-30	Objective-C	3	什
57245	6117322752	Task-21	Python	1	
57245	6167801856	Task-23	C	1	
57245	6352891904	Task-35	ZShell	1	
57245	6336065536	Task-33	Pasical	2	为
57245	6336065536	Task-33	Pasical	3	什
57245	6251933696	Task-28	RubyOnRails	1	
57245	6184628224	Task-24	C++	1	
57245	6117322752	Task-21	Python	2	为
57245	6167801856	Task-23	C	2	为
57245	6117322752	Task-21	Python	3	什
57245	6167801856	Task-23	C	3	什
57245	6369718272	Task-34	HTML	1	
57245	6285586432	Task-30	Objective-C	4	么
57245	6285586432	Task-30	Objective-C	5	Objective
57245	6218280960	Task-26	PHP	1	
57245	6336065536	Task-33	Pasical	4	么
57245	6336065536	Task-33	Pasical	5	P
57245	6251933696	Task-28	RubyOnRails	2	为
57245	6251933696	Task-28	RubyOnRails	3	什
57245	6319239168	Task-32	Linux	1	
57245	6352891904	Task-35	ZShell	2	为
57245	6352891904	Task-35	ZShell	3	什
57245	6134149120	Task-20	Java	1	
57245	6117322752	Task-21	Python	4	么
57245	6184628224	Task-24	C++	2	为
57245	6167801856	Task-23	C	4	么
57245	6117322752	Task-21	Python	5	Python
57245	6184628224	Task-24	C++	3	什
57245	6167801856	Task-23	C	5	C
57245	6218280960	Task-26	PHP	2	为
57245	6218280960	Task-26	PHP	3	什
57245	6369718272	Task-34	HTML	2	为
57245	6369718272	Task-34	HTML	3	什
57245	6336065536	Task-33	Pasical	6	ascal
57245	6336065536	Task-33	Pasical	7	不
57245	6302412800	Task-31	Swift	2	为
57245	6251933696	Task-28	RubyOnRails	4	么
57245	6302412800	Task-31	Swift	3	什
57245	6251933696	Task-28	RubyOnRails	5	Ruby
57245	6167801856	Task-23	C	6	语
57245	6167801856	Task-23	C	7	言
57245	6319239168	Task-32	Linux	2	为
57245	6319239168	Task-32	Linux	3	什
57245	6369718272	Task-34	HTML	4	么
57245	6369718272	Task-34	HTML	5	HTML
57245	6218280960	Task-26	PHP	4	么
57245	6218280960	Task-26	PHP	5	PHP
57245	6134149120	Task-20	Java	2	为
57245	6134149120	Task-20	Java	3	什
57245	6352891904	Task-35	ZShell	4	么
57245	6201454592	Task-25	Go	1	
57245	6251933696	Task-28	RubyOnRails	6	 on
57245	6352891904	Task-35	ZShell	5	Z
57245	6251933696	Task-28	RubyOnRails	7	 Rails
57245	6184628224	Task-24	C++	4	么
57245	6184628224	Task-24	C++	5	C
57245	6150975488	Task-22	Bash	1	
57245	6251933696	Task-28	RubyOnRails	8	的
57245	6218280960	Task-26	PHP	6	程序
57245	6235107328	Task-27	Javascript	1	
57245	6251933696	Task-28	RubyOnRails	9	开
57245	6218280960	Task-26	PHP	7	员
57245	6167801856	Task-23	C	8	程序
57245	6167801856	Task-23	C	9	员
57245	6319239168	Task-32	Linux	4	么
57245	6336065536	Task-33	Pasical	8	参
57245	6150975488	Task-22	Bash	2	为
57245	6319239168	Task-32	Linux	5	Linux
57245	6336065536	Task-33	Pasical	9	加
57245	6150975488	Task-22	Bash	3	什
57245	6369718272	Task-34	HTML	6	和
57245	6369718272	Task-34	HTML	7	CSS
57245	6201454592	Task-25	Go	2	为
57245	6201454592	Task-25	Go	3	什
57245	6117322752	Task-21	Python	6	程序
57245	6117322752	Task-21	Python	7	员
57245	6134149120	Task-20	Java	4	么
57245	6134149120	Task-20	Java	5	Java
57245	6352891904	Task-35	ZShell	6	Shell
57245	6352891904	Task-35	ZShell	7	是
57245	6184628224	Task-24	C++	6	++
57245	6184628224	Task-24	C++	7	程序
57245	6218280960	Task-26	PHP	8	总
57245	6218280960	Task-26	PHP	9	是
57245	6302412800	Task-31	Swift	4	么
57245	6302412800	Task-31	Swift	5	Swift
57245	6235107328	Task-27	Javascript	2	为
57245	6235107328	Task-27	Javascript	3	什
57245	6369718272	Task-34	HTML	8	是
57245	6369718272	Task-34	HTML	9	最
57245	6150975488	Task-22	Bash	4	么
57245	6201454592	Task-25	Go	4	么
57245	6150975488	Task-22	Bash	5	B
57245	6319239168	Task-32	Linux	6	用户
57245	6201454592	Task-25	Go	5	Go
57245	6319239168	Task-32	Linux	7	总
57245	6268760064	Task-29	Ruby	1	
57245	6268760064	Task-29	Ruby	2	为
57245	6268760064	Task-29	Ruby	3	什
57245	6336065536	Task-33	Pasical	10	马
57245	6336065536	Task-33	Pasical	11	拉
57245	6134149120	Task-20	Java	6	程序
57245	6134149120	Task-20	Java	7	员
57245	6117322752	Task-21	Python	8	喜
57245	6218280960	Task-26	PHP	10	过
57245	6117322752	Task-21	Python	9	欢
57245	6218280960	Task-26	PHP	11	得
57245	6167801856	Task-23	C	10	总
57245	6167801856	Task-23	C	11	是
57245	6235107328	Task-27	Javascript	4	么
57245	6235107328	Task-27	Javascript	5	JavaScript
57245	6150975488	Task-22	Bash	6	ash
57245	6150975488	Task-22	Bash	7	参
57245	6352891904	Task-35	ZShell	8	个
57245	6352891904	Task-35	ZShell	9	好
57245	6201454592	Task-25	Go	6	语
57245	6201454592	Task-25	Go	7	言
57245	6369718272	Task-34	HTML	10	好
57245	6369718272	Task-34	HTML	11	的
57245	6184628224	Task-24	C++	8	员
57245	6184628224	Task-24	C++	9	的
57245	6268760064	Task-29	Ruby	4	么
57245	6268760064	Task-29	Ruby	5	Ruby
57245	6302412800	Task-31	Swift	6	程序
57245	6302412800	Task-31	Swift	7	员
57245	6117322752	Task-21	Python	10	蛇
57245	6117322752	Task-21	Python	11	？


57245	6336065536	Task-33	Pasical	12	松
57245	6336065536	Task-33	Pasical	13	比
57245	6167801856	Task-23	C	12	独
57245	6167801856	Task-23	C	13	自
57245	6235107328	Task-27	Javascript	6	开
57245	6235107328	Task-27	Javascript	7	发
57245	6218280960	Task-26	PHP	12	不
57245	6218280960	Task-26	PHP	13	快
57245	6150975488	Task-22	Bash	8	加
57245	6150975488	Task-22	Bash	9	了
57245	6201454592	Task-25	Go	8	的
57245	6369718272	Task-34	HTML	12	朋
57245	6201454592	Task-25	Go	9	开
57245	6369718272	Task-34	HTML	13	友
57245	6117322752	Task-21	Python	12	因
57245	6336065536	Task-33	Pasical	14	赛
57245	6352891904	Task-35	ZShell	10	朋
57245	6117322752	Task-21	Python	13	为
57245	6336065536	Task-33	Pasical	15	？


57245	6167801856	Task-23	C	14	一
57245	6352891904	Task-35	ZShell	11	友
57245	6167801856	Task-23	C	15	人
57245	6184628224	Task-24	C++	10	房
57245	6184628224	Task-24	C++	11	子
57245	6218280960	Task-26	PHP	14	乐
57245	6218280960	Task-26	PHP	15	？


57245	6369718272	Task-34	HTML	14	？


57245	6369718272	Task-34	HTML	15	因
57245	6150975488	Task-22	Bash	10	一个
57245	6150975488	Task-22	Bash	11	派
57245	6134149120	Task-20	Java	8	不
57245	6134149120	Task-20	Java	9	需要
57245	6117322752	Task-21	Python	14	他
57245	6117322752	Task-21	Python	15	们
57245	6285586432	Task-30	Objective-C	6	-C
57245	6285586432	Task-30	Objective-C	7	很
57245	6167801856	Task-23	C	16	？


57245	6336065536	Task-33	Pasical	16	因
57245	6167801856	Task-23	C	17	因
57245	6336065536	Task-33	Pasical	17	为
57245	6302412800	Task-31	Swift	8	不
57245	6302412800	Task-31	Swift	9	喜
57245	6319239168	Task-32	Linux	8	是
57245	6319239168	Task-32	Linux	9	在
57245	6201454592	Task-25	Go	10	发
57245	6201454592	Task-25	Go	11	者
57245	6218280960	Task-26	PHP	16	因
57245	6218280960	Task-26	PHP	17	为
57245	6150975488	Task-22	Bash	12	对
57245	6150975488	Task-22	Bash	13	？


57245	6369718272	Task-34	HTML	16	为
57245	6369718272	Task-34	HTML	17	他
57245	6167801856	Task-23	C	18	为
57245	6167801856	Task-23	C	19	他
57245	6117322752	Task-21	Python	16	总
57245	6117322752	Task-21	Python	17	是
57245	6134149120	Task-20	Java	10	眼
57245	6352891904	Task-35	ZShell	12	？


57245	6218280960	Task-26	PHP	18	他
57245	6134149120	Task-20	Java	11	镜
57245	6352891904	Task-35	ZShell	13	因
57245	6218280960	Task-26	PHP	19	们
57245	6369718272	Task-34	HTML	18	们
57245	6302412800	Task-31	Swift	10	欢
57245	6319239168	Task-32	Linux	10	冷
57245	6369718272	Task-34	HTML	19	不能
57245	6302412800	Task-31	Swift	11	Python
57245	6319239168	Task-32	Linux	11	天
57245	6235107328	Task-27	Javascript	8	者
57245	6235107328	Task-27	Javascript	9	不
57245	6117322752	Task-21	Python	18	在
57245	6117322752	Task-21	Python	19	处理
57245	6336065536	Task-33	Pasical	18	他
57245	6336065536	Task-33	Pasical	19	只
57245	6285586432	Task-30	Objective-C	8	难
57245	6285586432	Task-30	Objective-C	9	学
57245	6268760064	Task-29	Ruby	6	程序
57245	6268760064	Task-29	Ruby	7	员
57245	6268760064	Task-29	Ruby	8	不
57245	6268760064	Task-29	Ruby	9	需要
57245	6167801856	Task-23	C	20	们
57245	6167801856	Task-23	C	21	不
57245	6302412800	Task-31	Swift	12	？


57245	6302412800	Task-31	Swift	13	因
57245	6369718272	Task-34	HTML	20	没有
57245	6369718272	Task-34	HTML	21	<div
57245	6134149120	Task-20	Java	12	？


57245	6150975488	Task-22	Bash	14	因
57245	6352891904	Task-35	ZShell	14	为
57245	6134149120	Task-20	Java	13	因
57245	6150975488	Task-22	Bash	15	为
57245	6352891904	Task-35	ZShell	15	它
57245	6235107328	Task-27	Javascript	10	喜
57245	6235107328	Task-27	Javascript	11	欢
57245	6268760064	Task-29	Ruby	10	眼
57245	6184628224	Task-24	C++	12	总
57245	6268760064	Task-29	Ruby	11	镜
57245	6184628224	Task-24	C++	13	是
57245	6201454592	Task-25	Go	12	总
57245	6201454592	Task-25	Go	13	是
57245	6167801856	Task-23	C	22	懂
57245	6167801856	Task-23	C	23	Java
57245	6369718272	Task-34	HTML	22	>
57245	6369718272	Task-34	HTML	23	彼
57245	6285586432	Task-30	Objective-C	10	？


57245	6285586432	Task-30	Objective-C	11	因
57245	6235107328	Task-27	Javascript	12	外
57245	6336065536	Task-33	Pasical	20	擅
57245	6235107328	Task-27	Javascript	13	出
57245	6336065536	Task-33	Pasical	21	长
57245	6352891904	Task-35	ZShell	16	总
57245	6218280960	Task-26	PHP	20	总
57245	6352891904	Task-35	ZShell	17	是
57245	6134149120	Task-20	Java	14	为
57245	6218280960	Task-26	PHP	21	是
57245	6134149120	Task-20	Java	15	他
57245	6268760064	Task-29	Ruby	12	？


57245	6117322752	Task-21	Python	20	Python
57245	6268760064	Task-29	Ruby	13	因
57245	6369718272	Task-34	HTML	24	此
57245	6117322752	Task-21	Python	21	（
57245	6369718272	Task-34	HTML	25	。</
57245	6302412800	Task-31	Swift	14	为
57245	6150975488	Task-22	Bash	16	它
57245	6302412800	Task-31	Swift	15	他
57245	6150975488	Task-22	Bash	17	听
57245	6167801856	Task-23	C	24	（
57245	6167801856	Task-23	C	25	交
57245	6319239168	Task-32	Linux	12	感
57245	6319239168	Task-32	Linux	13	到
57245	6218280960	Task-26	PHP	22	遇
57245	6218280960	Task-26	PHP	23	到
57245	6336065536	Task-33	Pasical	22	短
57245	6336065536	Task-33	Pasical	23	跑
57245	6285586432	Task-30	Objective-C	12	为
57245	6319239168	Task-32	Linux	14	温
57245	6201454592	Task-25	Go	14	很
57245	6285586432	Task-30	Objective-C	13	它
57245	6319239168	Task-32	Linux	15	暖
57245	6201454592	Task-25	Go	15	冷
57245	6235107328	Task-27	Javascript	14	？


57245	6235107328	Task-27	Javascript	15	因
57245	6369718272	Task-34	HTML	26	div
57245	6369718272	Task-34	HTML	27	>
57245	6117322752	Task-21	Python	22	蟒
57245	6117322752	Task-21	Python	23	蛇
57245	6117322752	Task-21	Python	24	）。
57245	6117322752	Task-21	Python	25	
57245	6369718272	Task-34	HTML	28	
57245	6352891904	Task-35	ZShell	18	在
57245	6352891904	Task-35	ZShell	19	你
57245	6167801856	Task-23	C	26	际
57245	6167801856	Task-23	C	27	）。
57245	6134149120	Task-20	Java	16	们
57245	6167801856	Task-23	C	28	
57245	6150975488	Task-22	Bash	18	说
57245	6134149120	Task-20	Java	17	总
57245	6268760064	Task-29	Ruby	14	为
57245	6150975488	Task-22	Bash	19	那
57245	6268760064	Task-29	Ruby	15	他
57245	6184628224	Task-24	C++	14	乱
57245	6184628224	Task-24	C++	15	糟
57245	6218280960	Task-26	PHP	24	"$
57245	6218280960	Task-26	PHP	25	this
57245	6285586432	Task-30	Objective-C	14	的
57245	6285586432	Task-30	Objective-C	15	目
57245	6201454592	Task-25	Go	16	静
57245	6201454592	Task-25	Go	17	？


57245	6336065536	Task-33	Pasical	24	，
57245	6336065536	Task-33	Pasical	25	一
57245	6302412800	Task-31	Swift	16	们
57245	6302412800	Task-31	Swift	17	觉
57245	6235107328	Task-27	Javascript	16	为
57245	6235107328	Task-27	Javascript	17	他
57245	6218280960	Task-26	PHP	26	->
57245	6218280960	Task-26	PHP	27	pain
57245	6150975488	Task-22	Bash	20	里
57245	6150975488	Task-22	Bash	21	有
57245	6336065536	Task-33	Pasical	26	到
57245	6336065536	Task-33	Pasical	27	循
57245	6134149120	Task-20	Java	18	是
57245	6134149120	Task-20	Java	19	有
57245	6285586432	Task-30	Objective-C	16	标
57245	6285586432	Task-30	Objective-C	17	（
57245	6201454592	Task-25	Go	18	因
57245	6184628224	Task-24	C++	16	糟
57245	6201454592	Task-25	Go	19	为
57245	6184628224	Task-24	C++	17	的
57245	6352891904	Task-35	ZShell	20	需要
57245	6352891904	Task-35	ZShell	21	的
57245	6235107328	Task-27	Javascript	18	们
57245	6235107328	Task-27	Javascript	19	可能
57245	6150975488	Task-22	Bash	22	很
57245	6150975488	Task-22	Bash	23	多
57245	6218280960	Task-26	PHP	28	"
57245	6268760064	Task-29	Ruby	16	们
57245	6218280960	Task-26	PHP	29	。
57245	6268760064	Task-29	Ruby	17	已
57245	6218280960	Task-26	PHP	30	
57245	6336065536	Task-33	Pasical	28	环
57245	6336065536	Task-33	Pasical	29	就
57245	6201454592	Task-25	Go	20	他
57245	6201454592	Task-25	Go	21	们
57245	6134149120	Task-20	Java	20	Exception
57245	6134149120	Task-20	Java	21	（
57245	6184628224	Task-24	C++	18	？


57245	6184628224	Task-24	C++	19	因
57245	6302412800	Task-31	Swift	18	得
57245	6302412800	Task-31	Swift	19	Python
57245	6235107328	Task-27	Javascript	20	会
57245	6235107328	Task-27	Javascript	21	遇
57245	6352891904	Task-35	ZShell	22	时
57245	6352891904	Task-35	ZShell	23	候
57245	6201454592	Task-25	Go	22	总
57245	6134149120	Task-20	Java	22	异常
57245	6201454592	Task-25	Go	23	是
57245	6134149120	Task-20	Java	23	）
57245	6319239168	Task-32	Linux	16	？


57245	6319239168	Task-32	Linux	17	因
57245	6184628224	Task-24	C++	20	为
57245	6184628224	Task-24	C++	21	他
57245	6268760064	Task-29	Ruby	18	经
57245	6268760064	Task-29	Ruby	19	有
57245	6150975488	Task-22	Bash	24	子
57245	6150975488	Task-22	Bash	25	shell
57245	6302412800	Task-31	Swift	20	不
57245	6150975488	Task-22	Bash	26	（
57245	6302412800	Task-31	Swift	21	够
57245	6150975488	Task-22	Bash	27	sub
57245	6134149120	Task-20	Java	24	处理
57245	6134149120	Task-20	Java	25	。
57245	6134149120	Task-20	Java	26	
57245	6235107328	Task-27	Javascript	22	到
57245	6235107328	Task-27	Javascript	23	Java
57245	6235107328	Task-27	Javascript	24	。
57245	6235107328	Task-27	Javascript	25	
57245	6150975488	Task-22	Bash	28	sh
57245	6150975488	Task-22	Bash	29	ells
57245	6352891904	Task-35	ZShell	24	出
57245	6201454592	Task-25	Go	24	在
57245	6352891904	Task-35	ZShell	25	现
57245	6201454592	Task-25	Go	25	处理
57245	6184628224	Task-24	C++	22	们
57245	6184628224	Task-24	C++	23	总
57245	6302412800	Task-31	Swift	22	"
57245	6302412800	Task-31	Swift	23	Swift
57245	6319239168	Task-32	Linux	18	为
57245	6319239168	Task-32	Linux	19	他
57245	6150975488	Task-22	Bash	30	）
57245	6150975488	Task-22	Bash	31	！
57245	6268760064	Task-29	Ruby	20	了
57245	6150975488	Task-22	Bash	32	
57245	6268760064	Task-29	Ruby	21	足
57245	6352891904	Task-35	ZShell	26	，
57245	6352891904	Task-35	ZShell	27	帮
57245	6201454592	Task-25	Go	26	gor
57245	6201454592	Task-25	Go	27	outine
57245	6201454592	Task-25	Go	28	。
57245	6201454592	Task-25	Go	29	
57245	6184628224	Task-24	C++	24	是
57245	6184628224	Task-24	C++	25	在
57245	6285586432	Task-30	Objective-C	18	Objective
57245	6285586432	Task-30	Objective-C	19	）
57245	6336065536	Task-33	Pasical	30	累
57245	6336065536	Task-33	Pasical	31	了
57245	6336065536	Task-33	Pasical	32	。
57245	6336065536	Task-33	Pasical	33	
57245	6268760064	Task-29	Ruby	22	够
57245	6268760064	Task-29	Ruby	23	的
57245	6302412800	Task-31	Swift	24	"
57245	6302412800	Task-31	Swift	25	（
57245	6285586432	Task-30	Objective-C	20	很
57245	6285586432	Task-30	Objective-C	21	难
57245	6352891904	Task-35	ZShell	28	你
57245	6352891904	Task-35	ZShell	29	完成
57245	6184628224	Task-24	C++	26	处理
57245	6184628224	Task-24	C++	27	内
57245	6251933696	Task-28	RubyOnRails	10	发
57245	6251933696	Task-28	RubyOnRails	11	者
57245	6302412800	Task-31	Swift	26	快
57245	6302412800	Task-31	Swift	27	）。
57245	6302412800	Task-31	Swift	28	
57245	6285586432	Task-30	Objective-C	22	达
57245	6285586432	Task-30	Objective-C	23	到
57245	6285586432	Task-30	Objective-C	24	！
57245	6285586432	Task-30	Objective-C	25	
57245	6319239168	Task-32	Linux	20	们
57245	6319239168	Task-32	Linux	21	都
57245	6319239168	Task-32	Linux	22	在
57245	6319239168	Task-32	Linux	23	/home
57245	6268760064	Task-29	Ruby	24	gems
57245	6268760064	Task-29	Ruby	25	（
57245	6352891904	Task-35	ZShell	30	任务
57245	6352891904	Task-35	ZShell	31	，
57245	6268760064	Task-29	Ruby	26	宝
57245	6268760064	Task-29	Ruby	27	石
57245	6369718272	Task-664	C#	1	
57245	6319239168	Task-32	Linux	24	目
57245	6319239168	Task-32	Linux	25	录
57245	6184628224	Task-24	C++	28	存
57245	6184628224	Task-24	C++	29	泄
57245	6268760064	Task-29	Ruby	28	，
57245	6268760064	Task-29	Ruby	29	Ruby
57245	6319239168	Task-32	Linux	26	下
57245	6319239168	Task-32	Linux	27	。
57245	6319239168	Task-32	Linux	28	
57245	6352891904	Task-35	ZShell	32	而
57245	6352891904	Task-35	ZShell	33	且
57245	6369718272	Task-664	C#	2	为
57245	6369718272	Task-664	C#	3	什
57245	6184628224	Task-24	C++	30	漏
57245	6184628224	Task-24	C++	31	。
57245	6184628224	Task-24	C++	32	
57245	6268760064	Task-29	Ruby	30	的
57245	6268760064	Task-29	Ruby	31	库
57245	6369718272	Task-664	C#	4	么
57245	6369718272	Task-664	C#	5	C
57245	6369718272	Task-664	C#	6	#
57245	6117322752	Task-662	CSS	1	
57245	6369718272	Task-664	C#	7	程序
57245	6352891904	Task-35	ZShell	34	从
57245	6352891904	Task-35	ZShell	35	不
57245	6268760064	Task-29	Ruby	32	和
57245	6268760064	Task-29	Ruby	33	框
57245	6117322752	Task-662	CSS	2	为
57245	6117322752	Task-662	CSS	3	什
57245	6117322752	Task-662	CSS	4	么
57245	6268760064	Task-29	Ruby	34	架
57245	6117322752	Task-662	CSS	5	CSS
57245	6268760064	Task-29	Ruby	35	）
57245	6268760064	Task-29	Ruby	36	！
57245	6268760064	Task-29	Ruby	37	
57245	6352891904	Task-35	ZShell	36	抱
57245	6352891904	Task-35	ZShell	37	怨
57245	6352891904	Task-35	ZShell	38	。
57245	6352891904	Task-35	ZShell	39	
57245	6369718272	Task-664	C#	8	员
57245	6369718272	Task-664	C#	9	的
57245	6117322752	Task-662	CSS	6	去
57245	6117322752	Task-662	CSS	7	参
57245	6369718272	Task-664	C#	10	眼
57245	6369718272	Task-664	C#	11	睛
57245	6117322752	Task-662	CSS	8	加
57245	6117322752	Task-662	CSS	9	聚
57245	6117322752	Task-662	CSS	10	会
57245	6117322752	Task-662	CSS	11	总
57245	6117322752	Task-662	CSS	12	是
57245	6117322752	Task-662	CSS	13	迟
57245	6117322752	Task-662	CSS	14	到
57245	6117322752	Task-662	CSS	15	？


57245	6369718272	Task-664	C#	12	总
57245	6369718272	Task-664	C#	13	是
57245	6117322752	Task-662	CSS	16	因
57245	6117322752	Task-662	CSS	17	为
57245	6369718272	Task-664	C#	14	疲
57245	6369718272	Task-664	C#	15	劳
57245	6117322752	Task-662	CSS	18	它
57245	6117322752	Task-662	CSS	19	总
57245	6369718272	Task-664	C#	16	？


57245	6369718272	Task-664	C#	17	因
57245	6117322752	Task-662	CSS	20	是
57245	6117322752	Task-662	CSS	21	在
57245	6369718272	Task-664	C#	18	为
57245	6369718272	Task-664	C#	19	他
57245	6117322752	Task-662	CSS	22	解
57245	6117322752	Task-662	CSS	23	决
57245	6369718272	Task-664	C#	20	们
57245	6369718272	Task-664	C#	21	总
57245	6117322752	Task-662	CSS	24	浮
57245	6117322752	Task-662	CSS	25	动
57245	6117322752	Task-662	CSS	26	问题
57245	6117322752	Task-662	CSS	27	。
57245	6117322752	Task-662	CSS	28	
57245	6369718272	Task-664	C#	22	是
57245	6369718272	Task-664	C#	23	在
57245	6369718272	Task-664	C#	24	sharp
57245	6369718272	Task-664	C#	25	（
57245	6369718272	Task-664	C#	26	尖
57245	6369718272	Task-664	C#	27	锐
57245	6369718272	Task-664	C#	28	）
57245	6369718272	Task-664	C#	29	看
57245	6369718272	Task-664	C#	30	！
57245	6369718272	Task-664	C#	31	
